<?xml version="1.0" encoding="UTF-8"?>
<!-- Generated by org.testng.reporters.JUnitReportReporter -->
<testsuite skipped="0" hostname="CEI3118" name="UnitTesting.TestConfigReader" tests="2" failures="0" timestamp="2020-07-27T13:01:10 IST" time="0.027" errors="0">
  <testcase name="testconfig" time="0.024" classname="UnitTesting.TestConfigReader"/>
  <system-out/>
  <testcase name="testconfig1" time="0.003" classname="UnitTesting.TestConfigReader"/>
  <system-out/>
</testsuite> <!-- UnitTesting.TestConfigReader -->
