<?xml version="1.0" encoding="UTF-8"?>
<!-- Generated by org.testng.reporters.JUnitReportReporter -->
<testsuite skipped="0" hostname="CEI3118" name="UnitTesting.TestExcelReader" tests="1" failures="0" timestamp="2020-05-18T16:28:34 IST" time="0.615" errors="0">
  <testcase name="TestExcelData" time="0.615" classname="UnitTesting.TestExcelReader"/>
  <system-out/>
</testsuite> <!-- UnitTesting.TestExcelReader -->
