<?xml version="1.0" encoding="UTF-8"?>
<!-- Generated by org.testng.reporters.JUnitReportReporter -->
<testsuite skipped="0" hostname="CEI3118" name="UnitTesting.DataProviderFactoryTest" tests="1" failures="0" timestamp="2020-05-18T22:06:05 IST" time="0.037" errors="0">
  <testcase name="testconfig" time="0.037" classname="UnitTesting.DataProviderFactoryTest"/>
  <system-out/>
</testsuite> <!-- UnitTesting.DataProviderFactoryTest -->
